# JRE version: Java(TM) SE Runtime Environment (15.0.1+9) (build 15.0.1+9-18)
# Java VM: Java HotSpot(TM) 64-Bit Server VM (15.0.1+9-18, mixed mode, sharing, tiered, compressed oops, g1 gc, windows-amd64)
GC Precious Log:
 CPUs: 8 total, 8 available
 Memory: 6081M
 Large Page Support: Disabled
 NUMA Support: Disabled
 Compressed Oops: Enabled (32-bit)
 Heap Region Size: 1M
 Heap Min Capacity: 8M
 Heap Initial Capacity: 8M
 Heap Max Capacity: 1522M
 Pre-touch: Disabled
 Parallel Workers: 8
 Concurrent Workers: 2
 Concurrent Refinement Workers: 8
 Periodic GC: Disabled
Heap:
 garbage-first heap   total 10240K, used 2855K [0x00000000a0e00000, 0x0000000100000000)
  region size 1024K, 1 young (1024K), 1 survivors (1024K)
 Metaspace       used 8085K, capacity 10994K, committed 11264K, reserved 1058816K
  class space    used 937K, capacity 1194K, committed 1280K, reserved 1048576K
GC Heap History (10 events):
Event: 0.439 GC heap before
{Heap before GC invocations=0 (full 0):
 garbage-first heap   total 8192K, used 3072K [0x00000000a0e00000, 0x0000000100000000)
  region size 1024K, 3 young (3072K), 0 survivors (0K)
 Metaspace       used 2417K, capacity 5893K, committed 6016K, reserved 1056768K
  class space    used 272K, capacity 603K, committed 640K, reserved 1048576K
}
Event: 0.444 GC heap after
{Heap after GC invocations=1 (full 0):
 garbage-first heap   total 8192K, used 1108K [0x00000000a0e00000, 0x0000000100000000)
  region size 1024K, 1 young (1024K), 1 survivors (1024K)
 Metaspace       used 2417K, capacity 5893K, committed 6016K, reserved 1056768K
  class space    used 272K, capacity 603K, committed 640K, reserved 1048576K
}
Event: 0.527 GC heap before
{Heap before GC invocations=1 (full 0):
 garbage-first heap   total 8192K, used 1108K [0x00000000a0e00000, 0x0000000100000000)
  region size 1024K, 2 young (2048K), 1 survivors (1024K)
 Metaspace       used 3420K, capacity 6807K, committed 6912K, reserved 1056768K
  class space    used 428K, capacity 737K, committed 768K, reserved 1048576K
}
Event: 0.531 GC heap after
{Heap after GC invocations=2 (full 0):
 garbage-first heap   total 8192K, used 1636K [0x00000000a0e00000, 0x0000000100000000)
  region size 1024K, 1 young (1024K), 1 survivors (1024K)
 Metaspace       used 3420K, capacity 6807K, committed 6912K, reserved 1056768K
  class space    used 428K, capacity 737K, committed 768K, reserved 1048576K
}
Event: 0.712 GC heap before
{Heap before GC invocations=2 (full 0):
 garbage-first heap   total 8192K, used 1636K [0x00000000a0e00000, 0x0000000100000000)
  region size 1024K, 2 young (2048K), 1 survivors (1024K)
 Metaspace       used 5649K, capacity 9050K, committed 9216K, reserved 1056768K
  class space    used 672K, capacity 994K, committed 1024K, reserved 1048576K
}
Event: 0.714 GC heap after
{Heap after GC invocations=3 (full 0):
 garbage-first heap   total 8192K, used 1831K [0x00000000a0e00000, 0x0000000100000000)
  region size 1024K, 1 young (1024K), 1 survivors (1024K)
 Metaspace       used 5649K, capacity 9050K, committed 9216K, reserved 1056768K
  class space    used 672K, capacity 994K, committed 1024K, reserved 1048576K
}
Event: 0.805 GC heap before
{Heap before GC invocations=3 (full 0):
 garbage-first heap   total 8192K, used 2855K [0x00000000a0e00000, 0x0000000100000000)
  region size 1024K, 2 young (2048K), 1 survivors (1024K)
 Metaspace       used 6815K, capacity 10086K, committed 10112K, reserved 1058816K
  class space    used 818K, capacity 1126K, committed 1152K, reserved 1048576K
}
Event: 0.808 GC heap after
{Heap after GC invocations=4 (full 0):
 garbage-first heap   total 8192K, used 2162K [0x00000000a0e00000, 0x0000000100000000)
  region size 1024K, 1 young (1024K), 1 survivors (1024K)
 Metaspace       used 6815K, capacity 10086K, committed 10112K, reserved 1058816K
  class space    used 818K, capacity 1126K, committed 1152K, reserved 1048576K
}
Event: 0.981 GC heap before
{Heap before GC invocations=4 (full 0):
 garbage-first heap   total 8192K, used 3186K [0x00000000a0e00000, 0x0000000100000000)
  region size 1024K, 2 young (2048K), 1 survivors (1024K)
 Metaspace       used 7814K, capacity 10918K, committed 11008K, reserved 1058816K
  class space    used 906K, capacity 1190K, committed 1280K, reserved 1048576K
}
Event: 0.985 GC heap after
{Heap after GC invocations=5 (full 0):
 garbage-first heap   total 8192K, used 2613K [0x00000000a0e00000, 0x0000000100000000)
  region size 1024K, 1 young (1024K), 1 survivors (1024K)
 Metaspace       used 7814K, capacity 10918K, committed 11008K, reserved 1058816K
  class space    used 906K, capacity 1190K, committed 1280K, reserved 1048576K
}

